# JRE version: Java(TM) SE Runtime Environment 18.9 (11.0.8+10) (build 11.0.8+10-LTS)
# Java VM: Java HotSpot(TM) 64-Bit Server VM 18.9 (11.0.8+10-LTS, mixed mode, tiered, compressed oops, g1 gc, windows-amd64)
Heap:
 garbage-first heap   total 262144K, used 56172K [0x0000000700e00000, 0x0000000800000000)
  region size 1024K, 53 young (54272K), 4 survivors (4096K)
 Metaspace       used 33256K, capacity 34125K, committed 34176K, reserved 1079296K
  class space    used 3821K, capacity 4208K, committed 4224K, reserved 1048576K
GC Heap History (6 events):
Event: 1.411 GC heap before
{Heap before GC invocations=0 (full 0):
 garbage-first heap   total 262144K, used 23552K [0x0000000700e00000, 0x0000000800000000)
  region size 1024K, 24 young (24576K), 0 survivors (0K)
 Metaspace       used 13737K, capacity 14042K, committed 14336K, reserved 1062912K
  class space    used 1389K, capacity 1477K, committed 1536K, reserved 1048576K
}
Event: 1.420 GC heap after
{Heap after GC invocations=1 (full 0):
 garbage-first heap   total 262144K, used 4943K [0x0000000700e00000, 0x0000000800000000)
  region size 1024K, 3 young (3072K), 3 survivors (3072K)
 Metaspace       used 13737K, capacity 14042K, committed 14336K, reserved 1062912K
  class space    used 1389K, capacity 1477K, committed 1536K, reserved 1048576K
}
Event: 2.195 GC heap before
{Heap before GC invocations=1 (full 0):
 garbage-first heap   total 262144K, used 31567K [0x0000000700e00000, 0x0000000800000000)
  region size 1024K, 30 young (30720K), 3 survivors (3072K)
 Metaspace       used 20558K, capacity 21076K, committed 21248K, reserved 1069056K
  class space    used 2237K, capacity 2444K, committed 2560K, reserved 1048576K
}
Event: 2.200 GC heap after
{Heap after GC invocations=2 (full 0):
 garbage-first heap   total 262144K, used 6416K [0x0000000700e00000, 0x0000000800000000)
  region size 1024K, 5 young (5120K), 5 survivors (5120K)
 Metaspace       used 20558K, capacity 21076K, committed 21248K, reserved 1069056K
  class space    used 2237K, capacity 2444K, committed 2560K, reserved 1048576K
}
Event: 3.470 GC heap before
{Heap before GC invocations=3 (full 0):
 garbage-first heap   total 262144K, used 39184K [0x0000000700e00000, 0x0000000800000000)
  region size 1024K, 38 young (38912K), 5 survivors (5120K)
 Metaspace       used 25002K, capacity 25679K, committed 25856K, reserved 1073152K
  class space    used 2811K, capacity 3037K, committed 3072K, reserved 1048576K
}
Event: 3.477 GC heap after
{Heap after GC invocations=4 (full 0):
 garbage-first heap   total 262144K, used 8044K [0x0000000700e00000, 0x0000000800000000)
  region size 1024K, 4 young (4096K), 4 survivors (4096K)
 Metaspace       used 25002K, capacity 25679K, committed 25856K, reserved 1073152K
  class space    used 2811K, capacity 3037K, committed 3072K, reserved 1048576K
}

